[0.064s] Invoking command in '/home/winicon/my_bot/build/my_bot': CMAKE_PREFIX_PATH=${CMAKE_PREFIX_PATH}:/opt/ros/humble /usr/bin/cmake /home/winicon/my_bot/my_bot -DAMENT_CMAKE_SYMLINK_INSTALL=1 -DCMAKE_INSTALL_PREFIX=/home/winicon/my_bot/install/my_bot
[0.866s] -- The C compiler identification is GNU 11.4.0
[1.635s] -- The CXX compiler identification is GNU 11.4.0
[1.680s] -- Detecting C compiler ABI info
[2.058s] -- Detecting C compiler ABI info - done
[2.085s] -- Check for working C compiler: /usr/bin/cc - skipped
[2.087s] -- Detecting C compile features
[2.090s] -- Detecting C compile features - done
[2.106s] -- Detecting CXX compiler ABI info
[2.474s] -- Detecting CXX compiler ABI info - done
[2.501s] -- Check for working CXX compiler: /usr/bin/c++ - skipped
[2.502s] -- Detecting CXX compile features
[2.503s] -- Detecting CXX compile features - done
[2.544s] -- Found ament_cmake: 1.3.9 (/opt/ros/humble/share/ament_cmake/cmake)
[3.315s] -- Found Python3: /usr/bin/python3 (found version "3.10.12") found components: Interpreter 
[3.616s] -- Override CMake install command with custom implementation using symlinks instead of copying resources
[4.058s] -- Found ament_lint_auto: 0.12.11 (/opt/ros/humble/share/ament_lint_auto/cmake)
[5.031s] -- Added test 'copyright' to check source files copyright and LICENSE
[5.105s] -- Added test 'flake8' to check Python code syntax and style conventions
[5.116s] -- Added test 'lint_cmake' to check CMake code style
[5.123s] -- Added test 'pep257' to check Python code against some of the docstring style conventions in PEP 257
[5.163s] -- Added test 'xmllint' to check XML markup files
[5.172s] -- Configuring done
[5.192s] -- Generating done
[5.197s] -- Build files have been written to: /home/winicon/my_bot/build/my_bot
[5.212s] Invoked command in '/home/winicon/my_bot/build/my_bot' returned '0': CMAKE_PREFIX_PATH=${CMAKE_PREFIX_PATH}:/opt/ros/humble /usr/bin/cmake /home/winicon/my_bot/my_bot -DAMENT_CMAKE_SYMLINK_INSTALL=1 -DCMAKE_INSTALL_PREFIX=/home/winicon/my_bot/install/my_bot
[5.220s] Invoking command in '/home/winicon/my_bot/build/my_bot': CMAKE_PREFIX_PATH=${CMAKE_PREFIX_PATH}:/opt/ros/humble /usr/bin/cmake --build /home/winicon/my_bot/build/my_bot -- -j4 -l4
[5.371s] Invoked command in '/home/winicon/my_bot/build/my_bot' returned '0': CMAKE_PREFIX_PATH=${CMAKE_PREFIX_PATH}:/opt/ros/humble /usr/bin/cmake --build /home/winicon/my_bot/build/my_bot -- -j4 -l4
[5.526s] Invoking command in '/home/winicon/my_bot/build/my_bot': CMAKE_PREFIX_PATH=${CMAKE_PREFIX_PATH}:/opt/ros/humble /usr/bin/cmake --install /home/winicon/my_bot/build/my_bot
[5.557s] -- Install configuration: ""
[5.559s] -- Execute custom install script
[5.562s] -- Symlinking: /home/winicon/my_bot/install/my_bot/share/my_bot/config/empty.yaml
[5.592s] -- Symlinking: /home/winicon/my_bot/install/my_bot/share/my_bot/config/my_controllers.yaml
[5.622s] -- Symlinking: /home/winicon/my_bot/install/my_bot/share/my_bot/config/rvis_config01.rviz
[5.653s] -- Symlinking: /home/winicon/my_bot/install/my_bot/share/my_bot/config/rviz_config02.rviz
[5.689s] -- Symlinking: /home/winicon/my_bot/install/my_bot/share/my_bot/description/camera.xacro
[5.721s] -- Symlinking: /home/winicon/my_bot/install/my_bot/share/my_bot/description/gazebo_control.xacro
[5.752s] -- Symlinking: /home/winicon/my_bot/install/my_bot/share/my_bot/description/inertial_macros.xacro
[5.783s] -- Symlinking: /home/winicon/my_bot/install/my_bot/share/my_bot/description/lidar.xacro
[5.814s] -- Symlinking: /home/winicon/my_bot/install/my_bot/share/my_bot/description/robot.urdf.xacro
[5.845s] -- Symlinking: /home/winicon/my_bot/install/my_bot/share/my_bot/description/robot_core.xacro
[5.878s] -- Symlinking: /home/winicon/my_bot/install/my_bot/share/my_bot/description/ros2_control.xacro
[5.909s] -- Symlinking: /home/winicon/my_bot/install/my_bot/share/my_bot/launch/launch_sim.launch.py
[5.940s] -- Symlinking: /home/winicon/my_bot/install/my_bot/share/my_bot/launch/rsp.launch.py
[5.975s] -- Symlinking: /home/winicon/my_bot/install/my_bot/share/my_bot/worlds/cafe.world
[6.007s] -- Symlinking: /home/winicon/my_bot/install/my_bot/share/my_bot/worlds/construction.world
[6.036s] -- Symlinking: /home/winicon/my_bot/install/my_bot/share/my_bot/worlds/empty.world
[6.071s] -- Symlinking: /home/winicon/my_bot/install/my_bot/share/my_bot/worlds/robotSpace.world
[6.102s] -- Symlinking: /home/winicon/my_bot/install/my_bot/share/ament_index/resource_index/package_run_dependencies/my_bot
[6.134s] -- Symlinking: /home/winicon/my_bot/install/my_bot/share/ament_index/resource_index/parent_prefix_path/my_bot
[6.171s] -- Symlinking: /home/winicon/my_bot/install/my_bot/share/my_bot/environment/ament_prefix_path.sh
[6.201s] -- Symlinking: /home/winicon/my_bot/install/my_bot/share/my_bot/environment/ament_prefix_path.dsv
[6.232s] -- Symlinking: /home/winicon/my_bot/install/my_bot/share/my_bot/environment/path.sh
[6.268s] -- Symlinking: /home/winicon/my_bot/install/my_bot/share/my_bot/environment/path.dsv
[6.298s] -- Symlinking: /home/winicon/my_bot/install/my_bot/share/my_bot/local_setup.bash
[6.329s] -- Symlinking: /home/winicon/my_bot/install/my_bot/share/my_bot/local_setup.sh
[6.364s] -- Symlinking: /home/winicon/my_bot/install/my_bot/share/my_bot/local_setup.zsh
[6.394s] -- Symlinking: /home/winicon/my_bot/install/my_bot/share/my_bot/local_setup.dsv
[6.426s] -- Symlinking: /home/winicon/my_bot/install/my_bot/share/my_bot/package.dsv
[6.461s] -- Symlinking: /home/winicon/my_bot/install/my_bot/share/ament_index/resource_index/packages/my_bot
[6.493s] -- Symlinking: /home/winicon/my_bot/install/my_bot/share/my_bot/cmake/my_botConfig.cmake
[6.524s] -- Symlinking: /home/winicon/my_bot/install/my_bot/share/my_bot/cmake/my_botConfig-version.cmake
[6.555s] -- Symlinking: /home/winicon/my_bot/install/my_bot/share/my_bot/package.xml
[6.593s] Invoked command in '/home/winicon/my_bot/build/my_bot' returned '0': CMAKE_PREFIX_PATH=${CMAKE_PREFIX_PATH}:/opt/ros/humble /usr/bin/cmake --install /home/winicon/my_bot/build/my_bot
