[0.433s] DEBUG:colcon:Command line arguments: ['/usr/bin/colcon', 'build', '--symlink-install']
[0.434s] DEBUG:colcon:Parsed command line arguments: Namespace(log_base=None, log_level=None, verb_name='build', build_base='build', install_base='install', merge_install=False, symlink_install=True, test_result_base=None, continue_on_error=False, executor='parallel', parallel_workers=4, event_handlers=None, ignore_user_meta=False, metas=['./colcon.meta'], base_paths=['.'], packages_ignore=None, packages_ignore_regex=None, paths=None, packages_up_to=None, packages_up_to_regex=None, packages_above=None, packages_above_and_dependencies=None, packages_above_depth=None, packages_select_by_dep=None, packages_skip_by_dep=None, packages_skip_up_to=None, packages_select_build_failed=False, packages_skip_build_finished=False, packages_select_test_failures=False, packages_skip_test_passed=False, packages_select=None, packages_skip=None, packages_select_regex=None, packages_skip_regex=None, packages_start=None, packages_end=None, allow_overriding=[], cmake_args=None, cmake_target=None, cmake_target_skip_unavailable=False, cmake_clean_cache=False, cmake_clean_first=False, cmake_force_configure=False, ament_cmake_args=None, catkin_cmake_args=None, catkin_skip_building_tests=False, verb_parser=<colcon_defaults.argument_parser.defaults.DefaultArgumentsDecorator object at 0xffffaa754910>, verb_extension=<colcon_core.verb.build.BuildVerb object at 0xffffaa851540>, main=<bound method BuildVerb.main of <colcon_core.verb.build.BuildVerb object at 0xffffaa851540>>)
[1.884s] Level 1:colcon.colcon_core.package_discovery:discover_packages(colcon_meta) check parameters
[1.885s] Level 1:colcon.colcon_core.package_discovery:discover_packages(recursive) check parameters
[1.885s] Level 1:colcon.colcon_core.package_discovery:discover_packages(ignore) check parameters
[1.885s] Level 1:colcon.colcon_core.package_discovery:discover_packages(path) check parameters
[1.885s] Level 1:colcon.colcon_core.package_discovery:discover_packages(colcon_meta) discover
[1.886s] Level 1:colcon.colcon_core.package_discovery:discover_packages(recursive) discover
[1.886s] INFO:colcon.colcon_core.package_discovery:Crawling recursively for packages in '/home/winicon/my_bot'
[1.886s] Level 1:colcon.colcon_core.package_identification:_identify(.) by extensions ['ignore', 'ignore_ament_install']
[1.887s] Level 1:colcon.colcon_core.package_identification:_identify(.) by extension 'ignore'
[1.887s] Level 1:colcon.colcon_core.package_identification:_identify(.) by extension 'ignore_ament_install'
[1.888s] Level 1:colcon.colcon_core.package_identification:_identify(.) by extensions ['colcon_pkg']
[1.888s] Level 1:colcon.colcon_core.package_identification:_identify(.) by extension 'colcon_pkg'
[1.888s] Level 1:colcon.colcon_core.package_identification:_identify(.) by extensions ['colcon_meta']
[1.888s] Level 1:colcon.colcon_core.package_identification:_identify(.) by extension 'colcon_meta'
[1.888s] Level 1:colcon.colcon_core.package_identification:_identify(.) by extensions ['ros']
[1.889s] Level 1:colcon.colcon_core.package_identification:_identify(.) by extension 'ros'
[2.010s] Level 1:colcon.colcon_core.package_identification:_identify(.) by extensions ['cmake', 'python']
[2.011s] Level 1:colcon.colcon_core.package_identification:_identify(.) by extension 'cmake'
[2.011s] Level 1:colcon.colcon_core.package_identification:_identify(.) by extension 'python'
[2.011s] Level 1:colcon.colcon_core.package_identification:_identify(.) by extensions ['python_setup_py']
[2.011s] Level 1:colcon.colcon_core.package_identification:_identify(.) by extension 'python_setup_py'
[2.012s] Level 1:colcon.colcon_core.package_identification:_identify(__pycache__) by extensions ['ignore', 'ignore_ament_install']
[2.012s] Level 1:colcon.colcon_core.package_identification:_identify(__pycache__) by extension 'ignore'
[2.013s] Level 1:colcon.colcon_core.package_identification:_identify(__pycache__) by extension 'ignore_ament_install'
[2.013s] Level 1:colcon.colcon_core.package_identification:_identify(__pycache__) by extensions ['colcon_pkg']
[2.013s] Level 1:colcon.colcon_core.package_identification:_identify(__pycache__) by extension 'colcon_pkg'
[2.013s] Level 1:colcon.colcon_core.package_identification:_identify(__pycache__) by extensions ['colcon_meta']
[2.013s] Level 1:colcon.colcon_core.package_identification:_identify(__pycache__) by extension 'colcon_meta'
[2.014s] Level 1:colcon.colcon_core.package_identification:_identify(__pycache__) by extensions ['ros']
[2.014s] Level 1:colcon.colcon_core.package_identification:_identify(__pycache__) by extension 'ros'
[2.014s] Level 1:colcon.colcon_core.package_identification:_identify(__pycache__) by extensions ['cmake', 'python']
[2.014s] Level 1:colcon.colcon_core.package_identification:_identify(__pycache__) by extension 'cmake'
[2.014s] Level 1:colcon.colcon_core.package_identification:_identify(__pycache__) by extension 'python'
[2.015s] Level 1:colcon.colcon_core.package_identification:_identify(__pycache__) by extensions ['python_setup_py']
[2.015s] Level 1:colcon.colcon_core.package_identification:_identify(__pycache__) by extension 'python_setup_py'
[2.015s] Level 1:colcon.colcon_core.package_identification:_identify(build) by extensions ['ignore', 'ignore_ament_install']
[2.015s] Level 1:colcon.colcon_core.package_identification:_identify(build) by extension 'ignore'
[2.016s] Level 1:colcon.colcon_core.package_identification:_identify(build) ignored
[2.016s] Level 1:colcon.colcon_core.package_identification:_identify(install) by extensions ['ignore', 'ignore_ament_install']
[2.017s] Level 1:colcon.colcon_core.package_identification:_identify(install) by extension 'ignore'
[2.017s] Level 1:colcon.colcon_core.package_identification:_identify(install) ignored
[2.017s] Level 1:colcon.colcon_core.package_identification:_identify(log) by extensions ['ignore', 'ignore_ament_install']
[2.018s] Level 1:colcon.colcon_core.package_identification:_identify(log) by extension 'ignore'
[2.018s] Level 1:colcon.colcon_core.package_identification:_identify(log) ignored
[2.018s] Level 1:colcon.colcon_core.package_identification:_identify(my_bot) by extensions ['ignore', 'ignore_ament_install']
[2.019s] Level 1:colcon.colcon_core.package_identification:_identify(my_bot) by extension 'ignore'
[2.019s] Level 1:colcon.colcon_core.package_identification:_identify(my_bot) by extension 'ignore_ament_install'
[2.019s] Level 1:colcon.colcon_core.package_identification:_identify(my_bot) by extensions ['colcon_pkg']
[2.019s] Level 1:colcon.colcon_core.package_identification:_identify(my_bot) by extension 'colcon_pkg'
[2.019s] Level 1:colcon.colcon_core.package_identification:_identify(my_bot) by extensions ['colcon_meta']
[2.019s] Level 1:colcon.colcon_core.package_identification:_identify(my_bot) by extension 'colcon_meta'
[2.020s] Level 1:colcon.colcon_core.package_identification:_identify(my_bot) by extensions ['ros']
[2.020s] Level 1:colcon.colcon_core.package_identification:_identify(my_bot) by extension 'ros'
[2.031s] DEBUG:colcon.colcon_core.package_identification:Package 'my_bot' with type 'ros.ament_cmake' and name 'my_bot'
[2.031s] Level 1:colcon.colcon_core.package_discovery:discover_packages(recursive) using defaults
[2.031s] Level 1:colcon.colcon_core.package_discovery:discover_packages(ignore) discover
[2.031s] Level 1:colcon.colcon_core.package_discovery:discover_packages(ignore) using defaults
[2.031s] Level 1:colcon.colcon_core.package_discovery:discover_packages(path) discover
[2.032s] Level 1:colcon.colcon_core.package_discovery:discover_packages(path) using defaults
[2.123s] Level 1:colcon.colcon_core.package_discovery:discover_packages(prefix_path) check parameters
[2.123s] Level 1:colcon.colcon_core.package_discovery:discover_packages(prefix_path) discover
[2.136s] DEBUG:colcon.colcon_installed_package_information.package_discovery:Found 2 installed packages in /home/winicon/ros2_ws/install
[2.149s] DEBUG:colcon.colcon_installed_package_information.package_discovery:Found 392 installed packages in /opt/ros/humble
[2.198s] Level 1:colcon.colcon_core.package_discovery:discover_packages(prefix_path) using defaults
[2.430s] Level 5:colcon.colcon_core.verb:set package 'my_bot' build argument 'cmake_args' from command line to 'None'
[2.431s] Level 5:colcon.colcon_core.verb:set package 'my_bot' build argument 'cmake_target' from command line to 'None'
[2.431s] Level 5:colcon.colcon_core.verb:set package 'my_bot' build argument 'cmake_target_skip_unavailable' from command line to 'False'
[2.431s] Level 5:colcon.colcon_core.verb:set package 'my_bot' build argument 'cmake_clean_cache' from command line to 'False'
[2.431s] Level 5:colcon.colcon_core.verb:set package 'my_bot' build argument 'cmake_clean_first' from command line to 'False'
[2.431s] Level 5:colcon.colcon_core.verb:set package 'my_bot' build argument 'cmake_force_configure' from command line to 'False'
[2.431s] Level 5:colcon.colcon_core.verb:set package 'my_bot' build argument 'ament_cmake_args' from command line to 'None'
[2.431s] Level 5:colcon.colcon_core.verb:set package 'my_bot' build argument 'catkin_cmake_args' from command line to 'None'
[2.432s] Level 5:colcon.colcon_core.verb:set package 'my_bot' build argument 'catkin_skip_building_tests' from command line to 'False'
[2.432s] DEBUG:colcon.colcon_core.verb:Building package 'my_bot' with the following arguments: {'ament_cmake_args': None, 'build_base': '/home/winicon/my_bot/build/my_bot', 'catkin_cmake_args': None, 'catkin_skip_building_tests': False, 'cmake_args': None, 'cmake_clean_cache': False, 'cmake_clean_first': False, 'cmake_force_configure': False, 'cmake_target': None, 'cmake_target_skip_unavailable': False, 'install_base': '/home/winicon/my_bot/install/my_bot', 'merge_install': False, 'path': '/home/winicon/my_bot/my_bot', 'symlink_install': True, 'test_result_base': None}
[2.432s] INFO:colcon.colcon_core.executor:Executing jobs using 'parallel' executor
[2.436s] DEBUG:colcon.colcon_parallel_executor.executor.parallel:run_until_complete
[2.437s] INFO:colcon.colcon_ros.task.ament_cmake.build:Building ROS package in '/home/winicon/my_bot/my_bot' with build type 'ament_cmake'
[2.437s] INFO:colcon.colcon_cmake.task.cmake.build:Building CMake package in '/home/winicon/my_bot/my_bot'
[2.451s] INFO:colcon.colcon_core.plugin_system:Skipping extension 'colcon_core.shell.bat': Not used on non-Windows systems
[2.452s] INFO:colcon.colcon_core.shell:Skip shell extension 'powershell' for command environment: Not usable outside of PowerShell
[2.452s] DEBUG:colcon.colcon_core.shell:Skip shell extension 'dsv' for command environment
[2.512s] DEBUG:colcon.colcon_core.event_handler.log_command:Invoking command in '/home/winicon/my_bot/build/my_bot': CMAKE_PREFIX_PATH=${CMAKE_PREFIX_PATH}:/opt/ros/humble /usr/bin/cmake --build /home/winicon/my_bot/build/my_bot -- -j4 -l4
[4.434s] DEBUG:colcon.colcon_core.event_handler.log_command:Invoked command in '/home/winicon/my_bot/build/my_bot' returned '0': CMAKE_PREFIX_PATH=${CMAKE_PREFIX_PATH}:/opt/ros/humble /usr/bin/cmake --build /home/winicon/my_bot/build/my_bot -- -j4 -l4
[4.586s] DEBUG:colcon.colcon_core.event_handler.log_command:Invoking command in '/home/winicon/my_bot/build/my_bot': CMAKE_PREFIX_PATH=${CMAKE_PREFIX_PATH}:/opt/ros/humble /usr/bin/cmake --install /home/winicon/my_bot/build/my_bot
[4.678s] Level 1:colcon.colcon_core.environment:create_environment_scripts_only(my_bot)
[4.680s] DEBUG:colcon.colcon_core.event_handler.log_command:Invoked command in '/home/winicon/my_bot/build/my_bot' returned '0': CMAKE_PREFIX_PATH=${CMAKE_PREFIX_PATH}:/opt/ros/humble /usr/bin/cmake --install /home/winicon/my_bot/build/my_bot
[4.697s] Level 1:colcon.colcon_core.environment:checking '/home/winicon/my_bot/install/my_bot' for CMake module files
[4.701s] Level 1:colcon.colcon_core.environment:checking '/home/winicon/my_bot/install/my_bot' for CMake config files
[4.704s] Level 1:colcon.colcon_core.shell:create_environment_hook('my_bot', 'cmake_prefix_path')
[4.705s] INFO:colcon.colcon_core.shell:Creating environment hook '/home/winicon/my_bot/install/my_bot/share/my_bot/hook/cmake_prefix_path.ps1'
[4.708s] INFO:colcon.colcon_core.shell:Creating environment descriptor '/home/winicon/my_bot/install/my_bot/share/my_bot/hook/cmake_prefix_path.dsv'
[4.712s] INFO:colcon.colcon_core.shell:Creating environment hook '/home/winicon/my_bot/install/my_bot/share/my_bot/hook/cmake_prefix_path.sh'
[4.717s] Level 1:colcon.colcon_core.environment:checking '/home/winicon/my_bot/install/my_bot/bin'
[4.718s] Level 1:colcon.colcon_core.environment:checking '/home/winicon/my_bot/install/my_bot/lib/pkgconfig/my_bot.pc'
[4.719s] Level 1:colcon.colcon_core.environment:checking '/home/winicon/my_bot/install/my_bot/lib/python3.10/site-packages'
[4.720s] Level 1:colcon.colcon_core.environment:checking '/home/winicon/my_bot/install/my_bot/bin'
[4.721s] INFO:colcon.colcon_core.shell:Creating package script '/home/winicon/my_bot/install/my_bot/share/my_bot/package.ps1'
[4.725s] INFO:colcon.colcon_core.shell:Creating package descriptor '/home/winicon/my_bot/install/my_bot/share/my_bot/package.dsv'
[4.729s] INFO:colcon.colcon_core.shell:Creating package script '/home/winicon/my_bot/install/my_bot/share/my_bot/package.sh'
[4.733s] INFO:colcon.colcon_core.shell:Creating package script '/home/winicon/my_bot/install/my_bot/share/my_bot/package.bash'
[4.737s] INFO:colcon.colcon_core.shell:Creating package script '/home/winicon/my_bot/install/my_bot/share/my_bot/package.zsh'
[4.741s] Level 1:colcon.colcon_core.environment:create_file_with_runtime_dependencies(/home/winicon/my_bot/install/my_bot/share/colcon-core/packages/my_bot)
[4.852s] Level 1:colcon.colcon_core.environment:create_environment_scripts_only(my_bot)
[4.854s] Level 1:colcon.colcon_core.environment:checking '/home/winicon/my_bot/install/my_bot' for CMake module files
[4.857s] Level 1:colcon.colcon_core.environment:checking '/home/winicon/my_bot/install/my_bot' for CMake config files
[4.861s] Level 1:colcon.colcon_core.shell:create_environment_hook('my_bot', 'cmake_prefix_path')
[4.862s] INFO:colcon.colcon_core.shell:Creating environment hook '/home/winicon/my_bot/install/my_bot/share/my_bot/hook/cmake_prefix_path.ps1'
[4.864s] INFO:colcon.colcon_core.shell:Creating environment descriptor '/home/winicon/my_bot/install/my_bot/share/my_bot/hook/cmake_prefix_path.dsv'
[4.867s] INFO:colcon.colcon_core.shell:Creating environment hook '/home/winicon/my_bot/install/my_bot/share/my_bot/hook/cmake_prefix_path.sh'
[4.870s] Level 1:colcon.colcon_core.environment:checking '/home/winicon/my_bot/install/my_bot/bin'
[4.870s] Level 1:colcon.colcon_core.environment:checking '/home/winicon/my_bot/install/my_bot/lib/pkgconfig/my_bot.pc'
[4.872s] Level 1:colcon.colcon_core.environment:checking '/home/winicon/my_bot/install/my_bot/lib/python3.10/site-packages'
[4.873s] Level 1:colcon.colcon_core.environment:checking '/home/winicon/my_bot/install/my_bot/bin'
[4.874s] INFO:colcon.colcon_core.shell:Creating package script '/home/winicon/my_bot/install/my_bot/share/my_bot/package.ps1'
[4.877s] INFO:colcon.colcon_core.shell:Creating package descriptor '/home/winicon/my_bot/install/my_bot/share/my_bot/package.dsv'
[4.880s] INFO:colcon.colcon_core.shell:Creating package script '/home/winicon/my_bot/install/my_bot/share/my_bot/package.sh'
[4.883s] INFO:colcon.colcon_core.shell:Creating package script '/home/winicon/my_bot/install/my_bot/share/my_bot/package.bash'
[4.886s] INFO:colcon.colcon_core.shell:Creating package script '/home/winicon/my_bot/install/my_bot/share/my_bot/package.zsh'
[4.888s] Level 1:colcon.colcon_core.environment:create_file_with_runtime_dependencies(/home/winicon/my_bot/install/my_bot/share/colcon-core/packages/my_bot)
[4.889s] DEBUG:colcon.colcon_parallel_executor.executor.parallel:closing loop
[4.891s] DEBUG:colcon.colcon_parallel_executor.executor.parallel:loop closed
[4.891s] DEBUG:colcon.colcon_parallel_executor.executor.parallel:run_until_complete finished with '0'
[4.892s] DEBUG:colcon.colcon_core.event_reactor:joining thread
[4.920s] INFO:colcon.colcon_core.plugin_system:Skipping extension 'colcon_notification.desktop_notification.notify_send': Could not find 'notify-send'
[4.920s] INFO:colcon.colcon_core.plugin_system:Skipping extension 'colcon_notification.desktop_notification.terminal_notifier': Not used on non-Darwin systems
[4.921s] INFO:colcon.colcon_core.plugin_system:Skipping extension 'colcon_notification.desktop_notification.win32': Not used on non-Windows systems
[4.921s] INFO:colcon.colcon_notification.desktop_notification:Sending desktop notification using 'notify2'
[4.938s] DEBUG:colcon.colcon_core.event_reactor:joined thread
[4.939s] INFO:colcon.colcon_core.shell:Creating prefix script '/home/winicon/my_bot/install/local_setup.ps1'
[4.946s] INFO:colcon.colcon_core.shell:Creating prefix util module '/home/winicon/my_bot/install/_local_setup_util_ps1.py'
[4.959s] INFO:colcon.colcon_core.shell:Creating prefix chain script '/home/winicon/my_bot/install/setup.ps1'
[4.964s] INFO:colcon.colcon_core.shell:Creating prefix script '/home/winicon/my_bot/install/local_setup.sh'
[4.969s] INFO:colcon.colcon_core.shell:Creating prefix util module '/home/winicon/my_bot/install/_local_setup_util_sh.py'
[4.971s] INFO:colcon.colcon_core.shell:Creating prefix chain script '/home/winicon/my_bot/install/setup.sh'
[4.978s] INFO:colcon.colcon_core.shell:Creating prefix script '/home/winicon/my_bot/install/local_setup.bash'
[4.981s] INFO:colcon.colcon_core.shell:Creating prefix chain script '/home/winicon/my_bot/install/setup.bash'
[4.991s] INFO:colcon.colcon_core.shell:Creating prefix script '/home/winicon/my_bot/install/local_setup.zsh'
[4.994s] INFO:colcon.colcon_core.shell:Creating prefix chain script '/home/winicon/my_bot/install/setup.zsh'
