[0.541s] DEBUG:colcon:Command line arguments: ['/usr/bin/colcon', 'build', '--symlink']
[0.542s] DEBUG:colcon:Parsed command line arguments: Namespace(log_base=None, log_level=None, verb_name='build', build_base='build', install_base='install', merge_install=False, symlink_install=True, test_result_base=None, continue_on_error=False, executor='parallel', parallel_workers=4, event_handlers=None, ignore_user_meta=False, metas=['./colcon.meta'], base_paths=['.'], packages_ignore=None, packages_ignore_regex=None, paths=None, packages_up_to=None, packages_up_to_regex=None, packages_above=None, packages_above_and_dependencies=None, packages_above_depth=None, packages_select_by_dep=None, packages_skip_by_dep=None, packages_skip_up_to=None, packages_select_build_failed=False, packages_skip_build_finished=False, packages_select_test_failures=False, packages_skip_test_passed=False, packages_select=None, packages_skip=None, packages_select_regex=None, packages_skip_regex=None, packages_start=None, packages_end=None, allow_overriding=[], cmake_args=None, cmake_target=None, cmake_target_skip_unavailable=False, cmake_clean_cache=False, cmake_clean_first=False, cmake_force_configure=False, ament_cmake_args=None, catkin_cmake_args=None, catkin_skip_building_tests=False, verb_parser=<colcon_defaults.argument_parser.defaults.DefaultArgumentsDecorator object at 0xffffab964c40>, verb_extension=<colcon_core.verb.build.BuildVerb object at 0xffffaba6d870>, main=<bound method BuildVerb.main of <colcon_core.verb.build.BuildVerb object at 0xffffaba6d870>>)
[1.811s] Level 1:colcon.colcon_core.package_discovery:discover_packages(colcon_meta) check parameters
[1.812s] Level 1:colcon.colcon_core.package_discovery:discover_packages(recursive) check parameters
[1.812s] Level 1:colcon.colcon_core.package_discovery:discover_packages(ignore) check parameters
[1.812s] Level 1:colcon.colcon_core.package_discovery:discover_packages(path) check parameters
[1.812s] Level 1:colcon.colcon_core.package_discovery:discover_packages(colcon_meta) discover
[1.813s] Level 1:colcon.colcon_core.package_discovery:discover_packages(recursive) discover
[1.813s] INFO:colcon.colcon_core.package_discovery:Crawling recursively for packages in '/home/winicon/my_bot'
[1.813s] Level 1:colcon.colcon_core.package_identification:_identify(.) by extensions ['ignore', 'ignore_ament_install']
[1.814s] Level 1:colcon.colcon_core.package_identification:_identify(.) by extension 'ignore'
[1.814s] Level 1:colcon.colcon_core.package_identification:_identify(.) by extension 'ignore_ament_install'
[1.815s] Level 1:colcon.colcon_core.package_identification:_identify(.) by extensions ['colcon_pkg']
[1.815s] Level 1:colcon.colcon_core.package_identification:_identify(.) by extension 'colcon_pkg'
[1.815s] Level 1:colcon.colcon_core.package_identification:_identify(.) by extensions ['colcon_meta']
[1.815s] Level 1:colcon.colcon_core.package_identification:_identify(.) by extension 'colcon_meta'
[1.815s] Level 1:colcon.colcon_core.package_identification:_identify(.) by extensions ['ros']
[1.815s] Level 1:colcon.colcon_core.package_identification:_identify(.) by extension 'ros'
[1.885s] Level 1:colcon.colcon_core.package_identification:_identify(.) by extensions ['cmake', 'python']
[1.885s] Level 1:colcon.colcon_core.package_identification:_identify(.) by extension 'cmake'
[1.885s] Level 1:colcon.colcon_core.package_identification:_identify(.) by extension 'python'
[1.885s] Level 1:colcon.colcon_core.package_identification:_identify(.) by extensions ['python_setup_py']
[1.886s] Level 1:colcon.colcon_core.package_identification:_identify(.) by extension 'python_setup_py'
[1.886s] Level 1:colcon.colcon_core.package_identification:_identify(__pycache__) by extensions ['ignore', 'ignore_ament_install']
[1.887s] Level 1:colcon.colcon_core.package_identification:_identify(__pycache__) by extension 'ignore'
[1.887s] Level 1:colcon.colcon_core.package_identification:_identify(__pycache__) by extension 'ignore_ament_install'
[1.887s] Level 1:colcon.colcon_core.package_identification:_identify(__pycache__) by extensions ['colcon_pkg']
[1.887s] Level 1:colcon.colcon_core.package_identification:_identify(__pycache__) by extension 'colcon_pkg'
[1.887s] Level 1:colcon.colcon_core.package_identification:_identify(__pycache__) by extensions ['colcon_meta']
[1.888s] Level 1:colcon.colcon_core.package_identification:_identify(__pycache__) by extension 'colcon_meta'
[1.888s] Level 1:colcon.colcon_core.package_identification:_identify(__pycache__) by extensions ['ros']
[1.888s] Level 1:colcon.colcon_core.package_identification:_identify(__pycache__) by extension 'ros'
[1.889s] Level 1:colcon.colcon_core.package_identification:_identify(__pycache__) by extensions ['cmake', 'python']
[1.889s] Level 1:colcon.colcon_core.package_identification:_identify(__pycache__) by extension 'cmake'
[1.890s] Level 1:colcon.colcon_core.package_identification:_identify(__pycache__) by extension 'python'
[1.890s] Level 1:colcon.colcon_core.package_identification:_identify(__pycache__) by extensions ['python_setup_py']
[1.890s] Level 1:colcon.colcon_core.package_identification:_identify(__pycache__) by extension 'python_setup_py'
[1.891s] Level 1:colcon.colcon_core.package_identification:_identify(build) by extensions ['ignore', 'ignore_ament_install']
[1.891s] Level 1:colcon.colcon_core.package_identification:_identify(build) by extension 'ignore'
[1.891s] Level 1:colcon.colcon_core.package_identification:_identify(build) ignored
[1.892s] Level 1:colcon.colcon_core.package_identification:_identify(install) by extensions ['ignore', 'ignore_ament_install']
[1.892s] Level 1:colcon.colcon_core.package_identification:_identify(install) by extension 'ignore'
[1.892s] Level 1:colcon.colcon_core.package_identification:_identify(install) ignored
[1.893s] Level 1:colcon.colcon_core.package_identification:_identify(log) by extensions ['ignore', 'ignore_ament_install']
[1.893s] Level 1:colcon.colcon_core.package_identification:_identify(log) by extension 'ignore'
[1.894s] Level 1:colcon.colcon_core.package_identification:_identify(log) ignored
[1.894s] Level 1:colcon.colcon_core.package_identification:_identify(my_bot) by extensions ['ignore', 'ignore_ament_install']
[1.894s] Level 1:colcon.colcon_core.package_identification:_identify(my_bot) by extension 'ignore'
[1.895s] Level 1:colcon.colcon_core.package_identification:_identify(my_bot) by extension 'ignore_ament_install'
[1.895s] Level 1:colcon.colcon_core.package_identification:_identify(my_bot) by extensions ['colcon_pkg']
[1.895s] Level 1:colcon.colcon_core.package_identification:_identify(my_bot) by extension 'colcon_pkg'
[1.895s] Level 1:colcon.colcon_core.package_identification:_identify(my_bot) by extensions ['colcon_meta']
[1.895s] Level 1:colcon.colcon_core.package_identification:_identify(my_bot) by extension 'colcon_meta'
[1.896s] Level 1:colcon.colcon_core.package_identification:_identify(my_bot) by extensions ['ros']
[1.896s] Level 1:colcon.colcon_core.package_identification:_identify(my_bot) by extension 'ros'
[1.907s] DEBUG:colcon.colcon_core.package_identification:Package 'my_bot' with type 'ros.ament_cmake' and name 'my_bot'
[1.908s] Level 1:colcon.colcon_core.package_discovery:discover_packages(recursive) using defaults
[1.908s] Level 1:colcon.colcon_core.package_discovery:discover_packages(ignore) discover
[1.908s] Level 1:colcon.colcon_core.package_discovery:discover_packages(ignore) using defaults
[1.908s] Level 1:colcon.colcon_core.package_discovery:discover_packages(path) discover
[1.908s] Level 1:colcon.colcon_core.package_discovery:discover_packages(path) using defaults
[2.001s] Level 1:colcon.colcon_core.package_discovery:discover_packages(prefix_path) check parameters
[2.001s] Level 1:colcon.colcon_core.package_discovery:discover_packages(prefix_path) discover
[2.013s] DEBUG:colcon.colcon_installed_package_information.package_discovery:Found 2 installed packages in /home/winicon/ros2_ws/install
[2.026s] DEBUG:colcon.colcon_installed_package_information.package_discovery:Found 391 installed packages in /opt/ros/humble
[2.076s] Level 1:colcon.colcon_core.package_discovery:discover_packages(prefix_path) using defaults
[2.298s] Level 5:colcon.colcon_core.verb:set package 'my_bot' build argument 'cmake_args' from command line to 'None'
[2.298s] Level 5:colcon.colcon_core.verb:set package 'my_bot' build argument 'cmake_target' from command line to 'None'
[2.298s] Level 5:colcon.colcon_core.verb:set package 'my_bot' build argument 'cmake_target_skip_unavailable' from command line to 'False'
[2.298s] Level 5:colcon.colcon_core.verb:set package 'my_bot' build argument 'cmake_clean_cache' from command line to 'False'
[2.298s] Level 5:colcon.colcon_core.verb:set package 'my_bot' build argument 'cmake_clean_first' from command line to 'False'
[2.298s] Level 5:colcon.colcon_core.verb:set package 'my_bot' build argument 'cmake_force_configure' from command line to 'False'
[2.299s] Level 5:colcon.colcon_core.verb:set package 'my_bot' build argument 'ament_cmake_args' from command line to 'None'
[2.299s] Level 5:colcon.colcon_core.verb:set package 'my_bot' build argument 'catkin_cmake_args' from command line to 'None'
[2.299s] Level 5:colcon.colcon_core.verb:set package 'my_bot' build argument 'catkin_skip_building_tests' from command line to 'False'
[2.299s] DEBUG:colcon.colcon_core.verb:Building package 'my_bot' with the following arguments: {'ament_cmake_args': None, 'build_base': '/home/winicon/my_bot/build/my_bot', 'catkin_cmake_args': None, 'catkin_skip_building_tests': False, 'cmake_args': None, 'cmake_clean_cache': False, 'cmake_clean_first': False, 'cmake_force_configure': False, 'cmake_target': None, 'cmake_target_skip_unavailable': False, 'install_base': '/home/winicon/my_bot/install/my_bot', 'merge_install': False, 'path': '/home/winicon/my_bot/my_bot', 'symlink_install': True, 'test_result_base': None}
[2.299s] INFO:colcon.colcon_core.executor:Executing jobs using 'parallel' executor
[2.303s] DEBUG:colcon.colcon_parallel_executor.executor.parallel:run_until_complete
[2.304s] INFO:colcon.colcon_ros.task.ament_cmake.build:Building ROS package in '/home/winicon/my_bot/my_bot' with build type 'ament_cmake'
[2.304s] INFO:colcon.colcon_cmake.task.cmake.build:Building CMake package in '/home/winicon/my_bot/my_bot'
[2.319s] INFO:colcon.colcon_core.plugin_system:Skipping extension 'colcon_core.shell.bat': Not used on non-Windows systems
[2.320s] INFO:colcon.colcon_core.shell:Skip shell extension 'powershell' for command environment: Not usable outside of PowerShell
[2.320s] DEBUG:colcon.colcon_core.shell:Skip shell extension 'dsv' for command environment
[2.370s] DEBUG:colcon.colcon_core.event_handler.log_command:Invoking command in '/home/winicon/my_bot/build/my_bot': CMAKE_PREFIX_PATH=${CMAKE_PREFIX_PATH}:/opt/ros/humble /usr/bin/cmake /home/winicon/my_bot/my_bot -DAMENT_CMAKE_SYMLINK_INSTALL=1 -DCMAKE_INSTALL_PREFIX=/home/winicon/my_bot/install/my_bot
[7.517s] DEBUG:colcon.colcon_core.event_handler.log_command:Invoked command in '/home/winicon/my_bot/build/my_bot' returned '0': CMAKE_PREFIX_PATH=${CMAKE_PREFIX_PATH}:/opt/ros/humble /usr/bin/cmake /home/winicon/my_bot/my_bot -DAMENT_CMAKE_SYMLINK_INSTALL=1 -DCMAKE_INSTALL_PREFIX=/home/winicon/my_bot/install/my_bot
[7.526s] DEBUG:colcon.colcon_core.event_handler.log_command:Invoking command in '/home/winicon/my_bot/build/my_bot': CMAKE_PREFIX_PATH=${CMAKE_PREFIX_PATH}:/opt/ros/humble /usr/bin/cmake --build /home/winicon/my_bot/build/my_bot -- -j4 -l4
[7.677s] DEBUG:colcon.colcon_core.event_handler.log_command:Invoked command in '/home/winicon/my_bot/build/my_bot' returned '0': CMAKE_PREFIX_PATH=${CMAKE_PREFIX_PATH}:/opt/ros/humble /usr/bin/cmake --build /home/winicon/my_bot/build/my_bot -- -j4 -l4
[7.832s] DEBUG:colcon.colcon_core.event_handler.log_command:Invoking command in '/home/winicon/my_bot/build/my_bot': CMAKE_PREFIX_PATH=${CMAKE_PREFIX_PATH}:/opt/ros/humble /usr/bin/cmake --install /home/winicon/my_bot/build/my_bot
[8.897s] Level 1:colcon.colcon_core.environment:create_environment_scripts_only(my_bot)
[8.899s] DEBUG:colcon.colcon_core.event_handler.log_command:Invoked command in '/home/winicon/my_bot/build/my_bot' returned '0': CMAKE_PREFIX_PATH=${CMAKE_PREFIX_PATH}:/opt/ros/humble /usr/bin/cmake --install /home/winicon/my_bot/build/my_bot
[8.918s] Level 1:colcon.colcon_core.environment:checking '/home/winicon/my_bot/install/my_bot' for CMake module files
[8.921s] Level 1:colcon.colcon_core.environment:checking '/home/winicon/my_bot/install/my_bot' for CMake config files
[8.924s] Level 1:colcon.colcon_core.shell:create_environment_hook('my_bot', 'cmake_prefix_path')
[8.925s] INFO:colcon.colcon_core.shell:Creating environment hook '/home/winicon/my_bot/install/my_bot/share/my_bot/hook/cmake_prefix_path.ps1'
[8.928s] INFO:colcon.colcon_core.shell:Creating environment descriptor '/home/winicon/my_bot/install/my_bot/share/my_bot/hook/cmake_prefix_path.dsv'
[8.931s] INFO:colcon.colcon_core.shell:Creating environment hook '/home/winicon/my_bot/install/my_bot/share/my_bot/hook/cmake_prefix_path.sh'
[8.935s] Level 1:colcon.colcon_core.environment:checking '/home/winicon/my_bot/install/my_bot/bin'
[8.935s] Level 1:colcon.colcon_core.environment:checking '/home/winicon/my_bot/install/my_bot/lib/pkgconfig/my_bot.pc'
[8.936s] Level 1:colcon.colcon_core.environment:checking '/home/winicon/my_bot/install/my_bot/lib/python3.10/site-packages'
[8.937s] Level 1:colcon.colcon_core.environment:checking '/home/winicon/my_bot/install/my_bot/bin'
[8.938s] INFO:colcon.colcon_core.shell:Creating package script '/home/winicon/my_bot/install/my_bot/share/my_bot/package.ps1'
[8.942s] INFO:colcon.colcon_core.shell:Creating package descriptor '/home/winicon/my_bot/install/my_bot/share/my_bot/package.dsv'
[8.945s] INFO:colcon.colcon_core.shell:Creating package script '/home/winicon/my_bot/install/my_bot/share/my_bot/package.sh'
[8.948s] INFO:colcon.colcon_core.shell:Creating package script '/home/winicon/my_bot/install/my_bot/share/my_bot/package.bash'
[8.952s] INFO:colcon.colcon_core.shell:Creating package script '/home/winicon/my_bot/install/my_bot/share/my_bot/package.zsh'
[8.955s] Level 1:colcon.colcon_core.environment:create_file_with_runtime_dependencies(/home/winicon/my_bot/install/my_bot/share/colcon-core/packages/my_bot)
[9.074s] Level 1:colcon.colcon_core.environment:create_environment_scripts_only(my_bot)
[9.075s] Level 1:colcon.colcon_core.environment:checking '/home/winicon/my_bot/install/my_bot' for CMake module files
[9.079s] Level 1:colcon.colcon_core.environment:checking '/home/winicon/my_bot/install/my_bot' for CMake config files
[9.083s] Level 1:colcon.colcon_core.shell:create_environment_hook('my_bot', 'cmake_prefix_path')
[9.084s] INFO:colcon.colcon_core.shell:Creating environment hook '/home/winicon/my_bot/install/my_bot/share/my_bot/hook/cmake_prefix_path.ps1'
[9.086s] INFO:colcon.colcon_core.shell:Creating environment descriptor '/home/winicon/my_bot/install/my_bot/share/my_bot/hook/cmake_prefix_path.dsv'
[9.087s] INFO:colcon.colcon_core.shell:Creating environment hook '/home/winicon/my_bot/install/my_bot/share/my_bot/hook/cmake_prefix_path.sh'
[9.090s] Level 1:colcon.colcon_core.environment:checking '/home/winicon/my_bot/install/my_bot/bin'
[9.090s] Level 1:colcon.colcon_core.environment:checking '/home/winicon/my_bot/install/my_bot/lib/pkgconfig/my_bot.pc'
[9.091s] Level 1:colcon.colcon_core.environment:checking '/home/winicon/my_bot/install/my_bot/lib/python3.10/site-packages'
[9.092s] Level 1:colcon.colcon_core.environment:checking '/home/winicon/my_bot/install/my_bot/bin'
[9.093s] INFO:colcon.colcon_core.shell:Creating package script '/home/winicon/my_bot/install/my_bot/share/my_bot/package.ps1'
[9.096s] INFO:colcon.colcon_core.shell:Creating package descriptor '/home/winicon/my_bot/install/my_bot/share/my_bot/package.dsv'
[9.098s] INFO:colcon.colcon_core.shell:Creating package script '/home/winicon/my_bot/install/my_bot/share/my_bot/package.sh'
[9.100s] INFO:colcon.colcon_core.shell:Creating package script '/home/winicon/my_bot/install/my_bot/share/my_bot/package.bash'
[9.102s] INFO:colcon.colcon_core.shell:Creating package script '/home/winicon/my_bot/install/my_bot/share/my_bot/package.zsh'
[9.104s] Level 1:colcon.colcon_core.environment:create_file_with_runtime_dependencies(/home/winicon/my_bot/install/my_bot/share/colcon-core/packages/my_bot)
[9.105s] DEBUG:colcon.colcon_parallel_executor.executor.parallel:closing loop
[9.106s] DEBUG:colcon.colcon_parallel_executor.executor.parallel:loop closed
[9.106s] DEBUG:colcon.colcon_parallel_executor.executor.parallel:run_until_complete finished with '0'
[9.107s] DEBUG:colcon.colcon_core.event_reactor:joining thread
[9.134s] INFO:colcon.colcon_core.plugin_system:Skipping extension 'colcon_notification.desktop_notification.notify_send': Could not find 'notify-send'
[9.135s] INFO:colcon.colcon_core.plugin_system:Skipping extension 'colcon_notification.desktop_notification.terminal_notifier': Not used on non-Darwin systems
[9.136s] INFO:colcon.colcon_core.plugin_system:Skipping extension 'colcon_notification.desktop_notification.win32': Not used on non-Windows systems
[9.136s] INFO:colcon.colcon_notification.desktop_notification:Sending desktop notification using 'notify2'
[9.160s] DEBUG:colcon.colcon_core.event_reactor:joined thread
[9.161s] INFO:colcon.colcon_core.shell:Creating prefix script '/home/winicon/my_bot/install/local_setup.ps1'
[9.167s] INFO:colcon.colcon_core.shell:Creating prefix util module '/home/winicon/my_bot/install/_local_setup_util_ps1.py'
[9.175s] INFO:colcon.colcon_core.shell:Creating prefix chain script '/home/winicon/my_bot/install/setup.ps1'
[9.182s] INFO:colcon.colcon_core.shell:Creating prefix script '/home/winicon/my_bot/install/local_setup.sh'
[9.186s] INFO:colcon.colcon_core.shell:Creating prefix util module '/home/winicon/my_bot/install/_local_setup_util_sh.py'
[9.192s] INFO:colcon.colcon_core.shell:Creating prefix chain script '/home/winicon/my_bot/install/setup.sh'
[9.199s] INFO:colcon.colcon_core.shell:Creating prefix script '/home/winicon/my_bot/install/local_setup.bash'
[9.203s] INFO:colcon.colcon_core.shell:Creating prefix chain script '/home/winicon/my_bot/install/setup.bash'
[9.210s] INFO:colcon.colcon_core.shell:Creating prefix script '/home/winicon/my_bot/install/local_setup.zsh'
[9.214s] INFO:colcon.colcon_core.shell:Creating prefix chain script '/home/winicon/my_bot/install/setup.zsh'
